2024:05:24 08:49:04 PM - INFO - ..test_001_AccountRegistration start..
2024:05:24 08:49:15 PM - INFO - ..Launching application..
2024:05:24 08:49:15 PM - INFO - ..clicking on my account register..
2024:05:24 08:49:16 PM - INFO - ..provide the valid date..
2024:49:05/25/24 05:49:21 PM - INFO - ..test_001_AccountRegistration start..
2024:49:05/25/24 05:49:25 PM - INFO - ..Launching application..
2024:49:05/25/24 05:49:25 PM - INFO - ..clicking on my account register..
2024:49:05/25/24 05:49:27 PM - INFO - ..provide the valid date..
2024:49:05/25/24 05:49:56 PM - INFO - ..test_001_AccountRegistration start..
2024:50:05/25/24 05:50:01 PM - INFO - ..Launching application..
2024:50:05/25/24 05:50:01 PM - INFO - ..clicking on my account register..
2024:50:05/25/24 05:50:02 PM - INFO - ..provide the valid date..
2024:50:05/25/24 05:50:45 PM - INFO - ..test_001_AccountRegistration start..
2024:51:05/25/24 05:51:08 PM - INFO - ..test_001_AccountRegistration start..
2024:51:05/25/24 05:51:25 PM - INFO - ..test_001_AccountRegistration start..
2024:52:05/25/24 05:52:59 PM - INFO - ..test_001_AccountRegistration start..
2024:53:05/25/24 05:53:52 PM - INFO - ..test_001_AccountRegistration start..
2024:53:05/25/24 05:53:54 PM - INFO - ..Launching application..
2024:53:05/25/24 05:53:54 PM - INFO - ..clicking on my account register..
2024:53:05/25/24 05:53:55 PM - INFO - ..provide the valid date..
2024:56:05/25/24 05:56:03 PM - INFO - ..test_001_AccountRegistration start..
2024:56:05/25/24 05:56:06 PM - INFO - ..Launching application..
2024:56:05/25/24 05:56:06 PM - INFO - ..clicking on my account register..
2024:56:05/25/24 05:56:07 PM - INFO - ..provide the valid date..
2024:56:05/25/24 05:56:41 PM - INFO - ..test_001_AccountRegistration start..
2024:56:05/25/24 05:56:42 PM - INFO - ..Launching application..
2024:56:05/25/24 05:56:46 PM - INFO - ..clicking on my account register..
2024:56:05/25/24 05:56:47 PM - INFO - ..provide the valid date..
2024:57:05/25/24 05:57:14 PM - INFO - ..test_001_AccountRegistration start..
2024:57:05/25/24 05:57:22 PM - INFO - ..Launching application..
2024:57:05/25/24 05:57:22 PM - INFO - ..clicking on my account register..
2024:57:05/25/24 05:57:23 PM - INFO - ..provide the valid date..
2024:57:05/25/24 05:57:49 PM - INFO - ..test_001_AccountRegistration start..
2024:57:05/25/24 05:57:55 PM - INFO - ..Launching application..
2024:57:05/25/24 05:57:55 PM - INFO - ..clicking on my account register..
2024:57:05/25/24 05:57:56 PM - INFO - ..provide the valid date..
2024:58:05/25/24 05:58:40 PM - INFO - ..test_001_AccountRegistration start..
2024:58:05/25/24 05:58:43 PM - INFO - ..Launching application..
2024:58:05/25/24 05:58:43 PM - INFO - ..clicking on my account register..
2024:58:05/25/24 05:58:44 PM - INFO - ..provide the valid date..
2024:00:05/25/24 06:00:00 PM - INFO - ..test_001_AccountRegistration start..
2024:00:05/25/24 06:00:02 PM - INFO - ..Launching application..
2024:00:05/25/24 06:00:03 PM - INFO - ..clicking on my account register..
2024:00:05/25/24 06:00:03 PM - INFO - ..provide the valid date..
2024:02:05/25/24 06:02:27 PM - INFO - ..test_001_AccountRegistration start..
2024:02:05/25/24 06:02:33 PM - INFO - ..Launching application..
2024:02:05/25/24 06:02:33 PM - INFO - ..clicking on my account register..
2024:02:05/25/24 06:02:34 PM - INFO - ..provide the valid date..
2024:05:05/25/24 07:05:21 PM - INFO - ..test_001_AccountRegistration start..
2024:05:05/25/24 07:05:55 PM - INFO - ..Launching application..
2024:05:05/25/24 07:05:55 PM - INFO - ..clicking on my account register..
2024:05:25 07:07:31 PM - INFO - ..test_001_AccountRegistration start..
2024:05:25 07:07:42 PM - INFO - ..Launching application..
2024:05:25 07:07:42 PM - INFO - ..clicking on my account register..
2024:05:25 07:07:42 PM - INFO - ..provide the valid date..
2024:05:25 07:21:28 PM - INFO - ..test_001_AccountRegistration start..
2024:05:25 07:21:52 PM - INFO - ..test_001_AccountRegistration start..
2024:05:25 07:22:15 PM - INFO - ..test_001_AccountRegistration start..
2024:05:25 07:23:16 PM - INFO - ..test_001_AccountRegistration start..
2024:05:25 07:24:23 PM - INFO - ..test_001_AccountRegistration start..
2024:05:25 07:24:53 PM - INFO - ..test_001_AccountRegistration start..
2024:05:25 07:25:02 PM - INFO - ..Launching application..
2024:05:25 07:25:02 PM - INFO - ..clicking on my account register..
2024:05:25 07:25:03 PM - INFO - ..provide the valid date..
2024:05:25 07:30:38 PM - INFO - ..test_001_AccountRegistration start..
2024:05:25 07:31:50 PM - INFO - ..test_001_AccountRegistration start..
2024:05:25 07:33:05 PM - INFO - ..test_001_AccountRegistration start..
2024:05:25 07:35:24 PM - INFO - ..test_001_AccountRegistration start..
2024:05:25 07:36:56 PM - INFO - ..Launching application..
2024:05:25 07:36:56 PM - INFO - ..clicking on my account register..
2024:05:25 07:37:08 PM - INFO - ..test_001_AccountRegistration start..
2024:05:26 11:51:23 AM - INFO - ..test_001_AccountRegistration start..
2024:05:26 11:51:25 AM - INFO - ..Launching application..
2024:05:26 11:51:25 AM - INFO - ..clicking on my account register..
2024:05:26 11:51:26 AM - INFO - ..provide the valid date..
2024:05:26 11:57:14 AM - INFO - ..test_001_AccountRegistration start..
2024:05:26 11:57:17 AM - INFO - ..Launching application..
2024:05:26 11:57:17 AM - INFO - ..clicking on my account register..
2024:05:26 11:57:18 AM - INFO - ..provide the valid date..
2024:05:26 03:03:40 PM - INFO - ..test_001_AccountRegistration start..
2024:05:26 03:04:28 PM - INFO - ..test_001_AccountRegistration start..
2024:05:26 03:06:00 PM - INFO - ..test_001_AccountRegistration start..
2024:05:26 03:06:08 PM - INFO - ..Launching application..
2024:05:26 03:06:08 PM - INFO - ..clicking on my account register..
2024:05:26 03:06:08 PM - INFO - ..provide the valid date..
2024:05:26 03:06:47 PM - INFO - ..test_001_AccountRegistration start..
2024:05:26 03:06:53 PM - INFO - ..Launching application..
2024:05:26 03:06:53 PM - INFO - ..clicking on my account register..
2024:05:26 03:06:54 PM - INFO - ..provide the valid date..
2024:05:26 03:40:56 PM - INFO - ..test_001_AccountRegistration start..
2024:05:26 03:40:58 PM - INFO - ..clicking on my account register..
2024:05:26 03:40:59 PM - INFO - ..provide the valid date..
2024:05:26 03:44:07 PM - INFO - ..test_001_AccountRegistration start..
2024:05:26 03:44:10 PM - INFO - ..clicking on my account register..
2024:05:26 03:44:11 PM - INFO - ..provide the valid date..
2024:05:26 03:46:51 PM - INFO - ..test_001_AccountRegistration start..
2024:05:26 03:46:53 PM - INFO - ..clicking on my account register..
2024:05:26 03:46:53 PM - INFO - ..provide the valid date..
2024:05:26 03:48:09 PM - INFO - ..test_001_AccountRegistration start..
2024:05:26 03:48:12 PM - INFO - ..clicking on my account register..
2024:05:26 03:48:13 PM - INFO - ..provide the valid date..
2024:05:26 07:11:31 PM - INFO - ..test_001_AccountRegistration start..
2024:05:26 07:11:33 PM - INFO - ..clicking on my account register..
2024:05:26 07:11:34 PM - INFO - ..provide the valid date..
2024:05:26 07:12:20 PM - INFO - ..test_001_AccountRegistration start..
2024:05:26 07:12:40 PM - INFO - ..clicking on my account register..
2024:05:26 07:12:50 PM - INFO - ..provide the valid date..
2024:05:26 07:16:48 PM - INFO - ..test_001_AccountRegistration start..
2024:05:26 07:17:16 PM - INFO - ..clicking on my account register..
2024:05:26 07:17:28 PM - INFO - ..test_001_AccountRegistration start..
2024:05:26 07:18:17 PM - INFO - ..clicking on my account register..
2024:05:26 07:18:17 PM - INFO - ..provide the valid date..
2024:05:26 07:18:59 PM - INFO - ..test_001_AccountRegistration start..
2024:05:26 07:28:52 PM - INFO - ..test_001_AccountRegistration start..
2024:05:26 07:29:03 PM - INFO - ..clicking on my account register..
2024:05:26 07:33:04 PM - INFO - ..test_001_AccountRegistration start..
2024:05:26 07:34:28 PM - INFO - ..test_001_AccountRegistration start..
2024:05:26 07:35:23 PM - INFO - ..test_001_AccountRegistration start..
2024:05:26 08:03:05 PM - INFO - ..test_001_AccountRegistration start..
2024:05:26 08:03:55 PM - INFO - ..test_001_AccountRegistration start..
2024:05:26 08:06:13 PM - INFO - ..test_001_AccountRegistration start..
2024:05:26 08:06:49 PM - INFO - ..test_001_AccountRegistration start..
2024:05:26 08:06:51 PM - INFO - ..clicking on my account register..
2024:05:26 08:06:52 PM - INFO - ..provide the valid date..
2024:05:26 08:07:42 PM - INFO - ..test_001_AccountRegistration start..
2024:05:26 08:07:44 PM - INFO - ..clicking on my account register..
2024:05:26 08:07:45 PM - INFO - ..provide the valid date..
2024:05:26 08:08:46 PM - INFO - ..test_001_AccountRegistration start..
2024:05:26 08:08:48 PM - INFO - ..clicking on my account register..
2024:05:26 08:08:49 PM - INFO - ..provide the valid date..
2024:05:26 08:17:11 PM - INFO - ..test_001_AccountRegistration start..
2024:05:26 08:17:13 PM - INFO - ..clicking on my account register..
2024:05:26 08:17:14 PM - INFO - ..provide the valid date..
2024:05:26 08:17:35 PM - INFO - ..test_001_AccountRegistration start..
2024:05:26 08:17:37 PM - INFO - ..clicking on my account register..
2024:05:26 08:18:36 PM - INFO - ..test_001_AccountRegistration start..
2024:05:26 08:18:39 PM - INFO - ..clicking on my account register..
2024:05:26 08:18:40 PM - INFO - ..provide the valid date..
2024:05:26 08:19:58 PM - INFO - ..test_001_AccountRegistration start..
2024:05:26 08:19:59 PM - INFO - ..clicking on my account register..
2024:05:26 08:20:00 PM - INFO - ..provide the valid date..
2024:05:26 08:21:10 PM - INFO - ..test_001_AccountRegistration start..
2024:05:26 08:21:11 PM - INFO - ..clicking on my account register..
2024:05:26 08:21:12 PM - INFO - ..provide the valid date..
2024:05:26 08:23:47 PM - INFO - ..test_001_AccountRegistration start..
2024:05:26 08:23:53 PM - INFO - ..clicking on my account register..
2024:05:26 08:23:54 PM - INFO - ..provide the valid date..
2024:05:26 08:24:51 PM - INFO - ..test_001_AccountRegistration start..
2024:05:26 08:24:55 PM - INFO - ..clicking on my account register..
2024:05:26 08:24:56 PM - INFO - ..provide the valid date..
2024:05:26 08:29:02 PM - INFO - ..test_001_AccountRegistration start..
2024:05:26 08:29:05 PM - INFO - ..clicking on my account register..
2024:05:26 08:30:09 PM - INFO - ..test_001_AccountRegistration start..
2024:05:26 08:30:12 PM - INFO - ..clicking on my account register..
2024:05:26 08:30:12 PM - INFO - ..provide the valid date..
2024:05:26 08:46:33 PM - INFO - ..test_001_AccountRegistration start..
2024:05:26 08:46:46 PM - INFO - ..clicking on my account register..
2024:05:26 08:46:47 PM - INFO - ..provide the valid date..
2024:05:26 08:47:31 PM - INFO - ..test_001_AccountRegistration start..
2024:05:26 08:48:01 PM - INFO - ..clicking on my account register..
2024:05:26 08:48:02 PM - INFO - ..provide the valid date..
2024:05:27 01:57:46 PM - INFO - ..test_001_AccountRegistration start..
2024:05:27 01:57:48 PM - INFO - ..clicking on my account register..
2024:05:27 01:57:49 PM - INFO - ..provide the valid date..
2024:05:27 01:58:53 PM - INFO - ..test_001_AccountRegistration start..
2024:05:27 01:58:55 PM - INFO - ..clicking on my account register..
2024:05:27 01:58:56 PM - INFO - ..provide the valid date..
2024:05:27 01:58:57 PM - INFO - ...test_001_AccountRegistration finish..
2024:05:27 02:01:52 PM - INFO - ..test_001_AccountRegistration start..
2024:05:27 02:01:53 PM - INFO - ..clicking on my account register..
2024:05:27 02:01:54 PM - INFO - ..provide the valid date..
2024:05:27 02:01:55 PM - INFO - ...test_001_AccountRegistration finish..
2024:05:27 02:28:06 PM - INFO - ..test is start..
2024:05:27 02:29:09 PM - INFO - ..test is start..
2024:05:27 02:29:11 PM - INFO - ..redirect to login page..
2024:05:27 02:30:19 PM - INFO - ..test is start..
2024:05:27 02:30:21 PM - INFO - ..redirect to login page..
2024:05:27 02:30:22 PM - INFO - ..entering the crediental..
2024:05:27 02:32:00 PM - INFO - ..test is start..
2024:05:27 02:32:03 PM - INFO - ..redirect to login page..
2024:05:27 02:32:04 PM - INFO - ..entering the crediental..
2024:05:27 02:38:51 PM - INFO - ..test is start..
2024:05:27 02:38:53 PM - INFO - ..redirect to login page..
2024:05:27 02:38:54 PM - INFO - ..entering the crediental..
2024:05:30 08:21:23 PM - INFO - ..test_001_AccountRegistration start..
2024:05:30 08:26:17 PM - INFO - ..test_001_AccountRegistration start..
2024:05:30 08:31:36 PM - INFO - ..test_001_AccountRegistration start..
2024:05:30 08:34:30 PM - INFO - ..test_001_AccountRegistration start..
2024:05:30 08:36:06 PM - INFO - ..test_001_AccountRegistration start..
2024:05:30 08:36:34 PM - INFO - ..test_001_AccountRegistration start..
2024:05:30 08:37:45 PM - INFO - ..test_001_AccountRegistration start..
2024:05:30 08:38:08 PM - INFO - ..test_001_AccountRegistration start..
2024:05:30 08:38:15 PM - INFO - ..clicking on my account register..
2024:05:30 08:38:15 PM - INFO - ..provide the valid date..
2024:05:30 09:55:52 PM - INFO - ..test_001_AccountRegistration start..
2024:05:30 09:55:54 PM - INFO - ..clicking on my account register..
2024:05:30 09:55:55 PM - INFO - ..provide the valid date..
2024:05:30 09:57:19 PM - INFO - ..test_001_AccountRegistration start..
2024:05:30 09:57:21 PM - INFO - ..clicking on my account register..
2024:05:30 09:57:21 PM - INFO - ..provide the valid date..
2024:05:30 10:00:00 PM - INFO - ..test_001_AccountRegistration start..
2024:05:30 10:00:02 PM - INFO - ..clicking on my account register..
2024:05:30 10:00:02 PM - INFO - ..provide the valid date..
2024:06:03 02:43:08 PM - INFO - ..test_001_AccountRegistration start..
2024:06:03 02:43:10 PM - INFO - ..clicking on my account register..
2024:06:03 02:43:11 PM - INFO - ..provide the valid date..
2024:06:03 02:44:27 PM - INFO - ..test_001_AccountRegistration start..
2024:06:03 02:44:29 PM - INFO - ..clicking on my account register..
2024:06:03 02:44:30 PM - INFO - ..provide the valid date..
2024:06:03 02:46:27 PM - INFO - ..test is start..
2024:06:03 02:46:29 PM - INFO - ..redirect to login page..
2024:06:03 02:46:30 PM - INFO - ..entering the crediental..
2024:06:03 02:46:31 PM - INFO - ..test is completed..
2024:06:03 02:52:17 PM - INFO - ..test_001_AccountRegistration start..
2024:06:03 02:52:19 PM - INFO - ..clicking on my account register..
2024:06:03 02:52:20 PM - INFO - ..provide the valid date..
2024:06:03 02:52:56 PM - INFO - ..test_001_AccountRegistration start..
2024:06:03 02:52:59 PM - INFO - ..clicking on my account register..
2024:06:03 02:53:00 PM - INFO - ..provide the valid date..
2024:06:03 02:54:13 PM - INFO - ..test_001_AccountRegistration start..
2024:06:03 02:54:16 PM - INFO - ..clicking on my account register..
2024:06:03 02:54:17 PM - INFO - ..provide the valid date..
2024:06:03 02:54:38 PM - INFO - ..test_001_AccountRegistration start..
2024:06:03 02:54:40 PM - INFO - ..clicking on my account register..
2024:06:03 02:54:41 PM - INFO - ..provide the valid date..
2024:06:03 02:54:51 PM - INFO - ...test_001_AccountRegistration finish..
2024:06:03 03:09:14 PM - INFO - ..test_001_AccountRegistration start..
2024:06:03 03:09:16 PM - INFO - ..clicking on my account register..
2024:06:03 03:09:18 PM - INFO - ..provide the valid date..
2024:06:03 03:09:46 PM - INFO - ..test_001_AccountRegistration start..
2024:06:03 03:09:48 PM - INFO - ..clicking on my account register..
2024:06:03 03:09:49 PM - INFO - ..provide the valid date..
2024:06:03 03:09:51 PM - INFO - ...test_001_AccountRegistration finish..
2024:06:03 03:10:18 PM - INFO - ..test_001_AccountRegistration start..
2024:06:03 03:11:57 PM - INFO - ..test_001_AccountRegistration start..
2024:06:03 03:12:08 PM - INFO - ..test_001_AccountRegistration start..
2024:06:03 03:17:15 PM - INFO - ..test_001_AccountRegistration start..
2024:06:03 03:19:12 PM - INFO - ..test_001_AccountRegistration start..
2024:06:03 03:19:25 PM - INFO - ..test_001_AccountRegistration start..
2024:06:03 03:21:50 PM - INFO - ..test_001_AccountRegistration start..
2024:06:03 03:22:48 PM - INFO - ..test_001_AccountRegistration start..
2024:06:03 03:25:40 PM - INFO - ..test_001_AccountRegistration start..
2024:06:03 03:27:50 PM - INFO - ..test is start..
2024:06:03 03:27:55 PM - INFO - ..redirect to login page..
2024:06:03 03:27:56 PM - INFO - ..entering the crediental..
2024:06:03 03:27:57 PM - INFO - ..test is completed..
2024:06:03 03:29:00 PM - INFO - ..test is start..
2024:06:03 03:30:06 PM - INFO - ..test is start..
2024:06:03 03:30:48 PM - INFO - ..test is start..
2024:06:03 03:30:50 PM - INFO - ..redirect to login page..
2024:06:03 03:30:51 PM - INFO - ..entering the crediental..
2024:06:03 03:30:52 PM - INFO - ..test is completed..
2024:06:03 03:40:07 PM - INFO - ..test is start..
2024:06:03 03:40:09 PM - INFO - ..redirect to login page..
2024:06:03 03:40:10 PM - INFO - ..entering the crediental..
2024:06:03 03:40:11 PM - INFO - ..test is completed..
2024:06:03 03:40:39 PM - INFO - ..test is start..
2024:06:03 03:40:42 PM - INFO - ..redirect to login page..
2024:06:03 03:40:43 PM - INFO - ..entering the crediental..
2024:06:03 03:40:44 PM - INFO - ..test is completed..
2024:06:03 03:43:16 PM - INFO - ..test is start..
2024:06:03 03:43:18 PM - INFO - ..redirect to login page..
2024:06:03 03:43:19 PM - INFO - ..entering the crediental..
2024:06:03 03:43:20 PM - INFO - ..test is completed..
2024:06:03 03:43:34 PM - INFO - ..test_001_AccountRegistration start..
2024:06:03 03:43:36 PM - INFO - ..clicking on my account register..
2024:06:03 03:43:36 PM - INFO - ..provide the valid date..
2024:06:03 03:43:39 PM - INFO - ...test_001_AccountRegistration finish..
2024:06:03 08:03:31 PM - INFO - ..test is start..
2024:06:03 08:03:34 PM - INFO - ..redirect to login page..
2024:06:03 08:03:34 PM - INFO - ..entering the crediental..
2024:06:03 08:04:31 PM - INFO - ..test_001_AccountRegistration start..
2024:06:03 08:04:33 PM - INFO - ..clicking on my account register..
2024:06:03 08:04:34 PM - INFO - ..provide the valid date..
2024:06:03 08:04:36 PM - INFO - ...test_001_AccountRegistration finish..
2024:06:03 08:04:49 PM - INFO - ..test is start..
2024:06:03 08:04:52 PM - INFO - ..redirect to login page..
2024:06:03 08:04:52 PM - INFO - ..entering the crediental..
2024:06:03 08:34:32 PM - INFO - ..test is start..
2024:06:03 08:34:34 PM - INFO - ..redirect to login page..
2024:06:03 08:34:35 PM - INFO - ..entering the crediental..
2024:06:03 08:34:36 PM - INFO - ..test is completed..
2024:06:04 11:30:57 AM - INFO - ..test_001_AccountRegistration start..
2024:06:04 11:30:59 AM - INFO - ..clicking on my account register..
2024:06:04 11:31:00 AM - INFO - ..provide the valid date..
2024:06:04 11:31:02 AM - INFO - ...test_001_AccountRegistration finish..
2024:06:04 12:56:34 PM - INFO - ....data send from excel file....
2024:06:04 12:56:44 PM - INFO - ....all crediental is sended....
2024:06:04 12:56:44 PM - INFO - ....data send from excel file....
2024:06:04 12:58:02 PM - INFO - ....data send from excel file....
2024:06:04 12:58:13 PM - INFO - ....all crediental is sended....
2024:06:04 12:58:13 PM - INFO - ....data send from excel file....
2024:06:04 12:59:06 PM - INFO - ....data send from excel file....
2024:06:04 12:59:16 PM - INFO - ....all crediental is sended....
2024:06:04 12:59:16 PM - INFO - ....data send from excel file....
2024:06:04 01:00:40 PM - INFO - ....data send from excel file....
2024:06:04 01:00:55 PM - INFO - ....all crediental is sended....
2024:06:04 01:00:55 PM - INFO - ....data send from excel file....
2024:06:04 01:38:15 PM - INFO - ....data send from excel file....
2024:06:04 01:38:31 PM - INFO - ....all crediental is sended....
2024:06:04 01:38:31 PM - INFO - ....data send from excel file....
2024:06:04 01:40:02 PM - INFO - ....data send from excel file....
2024:06:04 01:40:17 PM - INFO - ....all crediental is sended....
2024:06:04 01:40:17 PM - INFO - ....data send from excel file....
2024:06:04 01:44:30 PM - INFO - ....data send from excel file....
2024:06:04 01:44:45 PM - INFO - ....all crediental is sended....
2024:06:04 01:44:45 PM - INFO - ....data send from excel file....
2024:06:04 01:52:51 PM - INFO - ....data send from excel file....
2024:06:04 01:53:01 PM - INFO - ....all crediental is sended....
2024:06:04 01:53:01 PM - INFO - ....data send from excel file....
2024:06:04 01:53:54 PM - INFO - ....data send from excel file....
2024:06:04 01:54:05 PM - INFO - ....all crediental is sended....
2024:06:04 01:54:05 PM - INFO - ....data send from excel file....
2024:06:04 01:54:34 PM - INFO - ....data send from excel file....
2024:06:04 01:54:35 PM - INFO - ....invalid....
2024:06:04 01:54:35 PM - INFO - ....all crediental is sended....
2024:06:04 01:54:35 PM - INFO - ....data send from excel file....
2024:06:04 01:55:21 PM - INFO - ....data send from excel file....
2024:06:04 01:55:22 PM - INFO - ....invalid....
2024:06:04 01:55:22 PM - INFO - ....all crediental is sended....
2024:06:04 01:55:22 PM - INFO - ....data send from excel file....
2024:06:04 01:56:10 PM - INFO - ....data send from excel file....
2024:06:04 01:56:11 PM - INFO - ....invalid....
2024:06:04 01:56:11 PM - INFO - ....all crediental is sended....
2024:06:04 01:56:11 PM - INFO - ....data send from excel file....
2024:06:04 02:01:06 PM - INFO - ....data send from excel file....
2024:06:04 02:01:07 PM - INFO - ....invalid....
2024:06:04 02:01:07 PM - INFO - ....all crediental is sended....
2024:06:04 02:01:07 PM - INFO - ....data send from excel file....
2024:06:04 02:01:55 PM - INFO - ....data send from excel file....
2024:06:04 02:01:56 PM - INFO - ....invalid....
2024:06:04 02:01:56 PM - INFO - ....data send from excel file....
2024:06:04 02:03:05 PM - INFO - ....data send from excel file....
2024:06:04 02:03:06 PM - INFO - ....invalid....
2024:06:04 02:03:06 PM - INFO - ....all crediental is sended....
2024:06:04 02:04:12 PM - INFO - ....data send from excel file....
2024:06:04 02:04:13 PM - INFO - ....invalid....
2024:06:04 02:04:13 PM - INFO - ....all crediental is sended....
2024:06:04 02:05:26 PM - INFO - ....data send from excel file....
2024:06:04 02:05:27 PM - INFO - ....valid....
2024:06:04 02:05:27 PM - INFO - ....all crediental is sended....
2024:06:04 06:45:30 PM - INFO - ..test_001_AccountRegistration start..
2024:06:04 06:45:30 PM - INFO - ..test_001_AccountRegistration start..
2024:06:04 06:45:30 PM - INFO - ..test_001_AccountRegistration start..
2024:06:04 06:45:32 PM - INFO - ..clicking on my account register..
2024:06:04 06:45:32 PM - INFO - ..clicking on my account register..
2024:06:04 06:45:32 PM - INFO - ..clicking on my account register..
2024:06:04 06:45:32 PM - INFO - ..provide the valid date..
2024:06:04 06:45:32 PM - INFO - ..provide the valid date..
2024:06:04 06:45:32 PM - INFO - ..provide the valid date..
2024:06:04 06:45:34 PM - INFO - ...test_001_AccountRegistration finish..
2024:06:04 06:45:34 PM - INFO - ...test_001_AccountRegistration finish..
2024:06:04 06:45:34 PM - INFO - ...test_001_AccountRegistration finish..
2024:06:04 06:45:54 PM - INFO - ..test_001_AccountRegistration start..
2024:06:04 06:45:54 PM - INFO - ..test_001_AccountRegistration start..
2024:06:04 06:45:54 PM - INFO - ..test_001_AccountRegistration start..
2024:06:04 06:45:56 PM - INFO - ..clicking on my account register..
2024:06:04 06:45:56 PM - INFO - ..clicking on my account register..
2024:06:04 06:45:56 PM - INFO - ..clicking on my account register..
2024:06:04 06:45:57 PM - INFO - ..provide the valid date..
2024:06:04 06:45:57 PM - INFO - ..provide the valid date..
2024:06:04 06:45:57 PM - INFO - ..provide the valid date..
2024:06:04 06:45:59 PM - INFO - ...test_001_AccountRegistration finish..
2024:06:04 06:45:59 PM - INFO - ...test_001_AccountRegistration finish..
2024:06:04 06:45:59 PM - INFO - ...test_001_AccountRegistration finish..
2024:06:04 06:46:01 PM - INFO - ..test is start..
2024:06:04 06:46:01 PM - INFO - ..test is start..
2024:06:04 06:46:01 PM - INFO - ..test is start..
2024:06:04 06:46:02 PM - INFO - ..redirect to login page..
2024:06:04 06:46:02 PM - INFO - ..redirect to login page..
2024:06:04 06:46:02 PM - INFO - ..redirect to login page..
2024:06:04 06:46:03 PM - INFO - ..entering the crediental..
2024:06:04 06:46:03 PM - INFO - ..entering the crediental..
2024:06:04 06:46:03 PM - INFO - ..entering the crediental..
2024:06:04 06:46:04 PM - INFO - ..test is completed..
2024:06:04 06:46:04 PM - INFO - ..test is completed..
2024:06:04 06:46:04 PM - INFO - ..test is completed..
2024:06:04 06:46:30 PM - INFO - ..test_001_AccountRegistration start..
2024:06:04 06:46:30 PM - INFO - ..test_001_AccountRegistration start..
2024:06:04 06:46:30 PM - INFO - ..test_001_AccountRegistration start..
2024:06:04 06:46:32 PM - INFO - ..clicking on my account register..
2024:06:04 06:46:32 PM - INFO - ..clicking on my account register..
2024:06:04 06:46:32 PM - INFO - ..clicking on my account register..
2024:06:04 06:46:32 PM - INFO - ..provide the valid date..
2024:06:04 06:46:32 PM - INFO - ..provide the valid date..
2024:06:04 06:46:32 PM - INFO - ..provide the valid date..
2024:06:04 06:46:34 PM - INFO - ...test_001_AccountRegistration finish..
2024:06:04 06:46:34 PM - INFO - ...test_001_AccountRegistration finish..
2024:06:04 06:46:34 PM - INFO - ...test_001_AccountRegistration finish..
2024:06:04 06:46:36 PM - INFO - ..test is start..
2024:06:04 06:46:36 PM - INFO - ..test is start..
2024:06:04 06:46:36 PM - INFO - ..test is start..
2024:06:04 06:46:38 PM - INFO - ..redirect to login page..
2024:06:04 06:46:38 PM - INFO - ..redirect to login page..
2024:06:04 06:46:38 PM - INFO - ..redirect to login page..
2024:06:04 06:46:39 PM - INFO - ..entering the crediental..
2024:06:04 06:46:39 PM - INFO - ..entering the crediental..
2024:06:04 06:46:39 PM - INFO - ..entering the crediental..
2024:06:04 06:46:40 PM - INFO - ..test is completed..
2024:06:04 06:46:40 PM - INFO - ..test is completed..
2024:06:04 06:46:40 PM - INFO - ..test is completed..
2024:06:04 06:58:28 PM - INFO - ..test_001_AccountRegistration start..
2024:06:04 06:58:28 PM - INFO - ..test_001_AccountRegistration start..
2024:06:04 06:58:28 PM - INFO - ..test_001_AccountRegistration start..
2024:06:04 06:58:31 PM - INFO - ..clicking on my account register..
2024:06:04 06:58:31 PM - INFO - ..clicking on my account register..
2024:06:04 06:58:31 PM - INFO - ..clicking on my account register..
2024:06:04 06:58:33 PM - INFO - ..provide the valid date..
2024:06:04 06:58:33 PM - INFO - ..provide the valid date..
2024:06:04 06:58:33 PM - INFO - ..provide the valid date..
2024:06:04 06:58:35 PM - INFO - ...test_001_AccountRegistration finish..
2024:06:04 06:58:35 PM - INFO - ...test_001_AccountRegistration finish..
2024:06:04 06:58:35 PM - INFO - ...test_001_AccountRegistration finish..
2024:06:04 06:58:37 PM - INFO - ..test is start..
2024:06:04 06:58:37 PM - INFO - ..test is start..
2024:06:04 06:58:37 PM - INFO - ..test is start..
2024:06:04 06:58:41 PM - INFO - ..redirect to login page..
2024:06:04 06:58:41 PM - INFO - ..redirect to login page..
2024:06:04 06:58:41 PM - INFO - ..redirect to login page..
2024:06:04 06:58:41 PM - INFO - ..entering the crediental..
2024:06:04 06:58:41 PM - INFO - ..entering the crediental..
2024:06:04 06:58:41 PM - INFO - ..entering the crediental..
2024:06:04 06:58:43 PM - INFO - ..test is completed..
2024:06:04 06:58:43 PM - INFO - ..test is completed..
2024:06:04 06:58:43 PM - INFO - ..test is completed..
